<?xml version="1.0" encoding="UTF-8"?>
<!-- Generated by org.testng.reporters.JUnitReportReporter -->
<testsuite hostname="DESKTOP-TS8RBBL" failures="0" tests="2" name="com.Actitime.testscripts.Hotel" time="0.002" errors="0" timestamp="2022-11-26T22:22:55 IST" skipped="0">
  <testcase classname="com.Actitime.testscripts.Hotel" name="wentAradhanaHotel" time="0.001"/>
  <system-out>
    <![CDATA[lunch at Aradhana Hotel]]>
  </system-out>
  <testcase classname="com.Actitime.testscripts.Hotel" name="wentTajHotel" time="0.001"/>
  <system-out>
    <![CDATA[lunch at Taj Hotel]]>
  </system-out>
</testsuite> <!-- com.Actitime.testscripts.Hotel -->
