<?xml version="1.0" encoding="UTF-8"?>
<!-- Generated by org.testng.reporters.JUnitReportReporter -->
<testsuite hostname="DESKTOP-TS8RBBL" failures="0" tests="2" name="com.Actitime.testscripts.CreateCustomer1" time="0.003" errors="0" timestamp="2022-11-26T22:22:55 IST" skipped="0">
  <testcase classname="com.Actitime.testscripts.CreateCustomer1" name="addCustomer" time="0.001"/>
  <system-out>
    <![CDATA[added customer]]>
  </system-out>
  <testcase classname="com.Actitime.testscripts.CreateCustomer1" name="editCustomer" time="0.002"/>
  <system-out>
    <![CDATA[edited customer]]>
  </system-out>
</testsuite> <!-- com.Actitime.testscripts.CreateCustomer1 -->
