<?xml version="1.0" encoding="UTF-8"?>
<!-- Generated by org.testng.reporters.JUnitReportReporter -->
<testsuite hostname="DESKTOP-TS8RBBL" failures="0" tests="1" name="com.Actitime.testscripts.Screenshot" time="3.479" errors="0" timestamp="2022-11-25T13:29:23 IST" skipped="0">
  <testcase classname="com.Actitime.testscripts.Screenshot" name="getScreenshot" time="3.479"/>
  <system-out/>
</testsuite> <!-- com.Actitime.testscripts.Screenshot -->
