<?xml version="1.0" encoding="UTF-8"?>
<!-- Generated by org.testng.reporters.JUnitReportReporter -->
<testsuite hostname="DESKTOP-TS8RBBL" failures="0" tests="2" name="com.Actitime.testscripts.Travel" time="0.010" errors="0" timestamp="2022-11-26T22:22:55 IST" skipped="0">
  <testcase classname="com.Actitime.testscripts.Travel" name="visitedKorumMall" time="0.008"/>
  <system-out>
    <![CDATA[Not visited to korum mall]]>
  </system-out>
  <testcase classname="com.Actitime.testscripts.Travel" name="visitedTitwala" time="0.002"/>
  <system-out>
    <![CDATA[visited to titwala]]>
  </system-out>
</testsuite> <!-- com.Actitime.testscripts.Travel -->
